Analysis & Synthesis report for iis
Thu Feb 06 08:25:31 2020
Quartus II Version 8.1 Build 163 10/28/2008 SJ Full Version


---------------------
; Table of Contents ;
---------------------
  1. Legal Notice
  2. Analysis & Synthesis Summary
  3. Analysis & Synthesis Settings
  4. Analysis & Synthesis Source Files Read
  5. Analysis & Synthesis Resource Usage Summary
  6. Analysis & Synthesis Resource Utilization by Entity
  7. Source assignments for lpm_counter:counttmp_rtl_0
  8. Parameter Settings for Inferred Entity Instance: lpm_counter:counttmp_rtl_0
  9. Analysis & Synthesis Messages



----------------
; Legal Notice ;
----------------
Copyright (C) 1991-2008 Altera Corporation
Your use of Altera Corporation's design tools, logic functions 
and other software and tools, and its AMPP partner logic 
functions, and any output files from any of the foregoing 
(including device programming or simulation files), and any 
associated documentation or information are expressly subject 
to the terms and conditions of the Altera Program License 
Subscription Agreement, Altera MegaCore Function License 
Agreement, or other applicable license agreement, including, 
without limitation, that your use is for the sole purpose of 
programming logic devices manufactured by Altera and sold by 
Altera or its authorized distributors.  Please refer to the 
applicable agreement for further details.



+------------------------------------------------------------------------+
; Analysis & Synthesis Summary                                           ;
+-----------------------------+------------------------------------------+
; Analysis & Synthesis Status ; Successful - Thu Feb 06 08:25:31 2020    ;
; Quartus II Version          ; 8.1 Build 163 10/28/2008 SJ Full Version ;
; Revision Name               ; iis                                      ;
; Top-level Entity Name       ; iis                                      ;
; Family                      ; MAX3000A                                 ;
; Total macrocells            ; 70                                       ;
; Total pins                  ; 5                                        ;
+-----------------------------+------------------------------------------+


+---------------------------------------------------------------------------------------------------+
; Analysis & Synthesis Settings                                                                     ;
+----------------------------------------------------------------+------------------+---------------+
; Option                                                         ; Setting          ; Default Value ;
+----------------------------------------------------------------+------------------+---------------+
; Device                                                         ; EPM3128ATC100-10 ;               ;
; Top-level entity name                                          ; iis              ; iis           ;
; Family name                                                    ; MAX3000A         ; Stratix II    ;
; Auto Open-Drain Pins                                           ; Off              ; On            ;
; Use Generated Physical Constraints File                        ; Off              ;               ;
; Use smart compilation                                          ; Off              ; Off           ;
; Create Debugging Nodes for IP Cores                            ; Off              ; Off           ;
; Preserve fewer node names                                      ; On               ; On            ;
; Disable OpenCore Plus hardware evaluation                      ; Off              ; Off           ;
; Verilog Version                                                ; Verilog_2001     ; Verilog_2001  ;
; VHDL Version                                                   ; VHDL93           ; VHDL93        ;
; State Machine Processing                                       ; Auto             ; Auto          ;
; Safe State Machine                                             ; Off              ; Off           ;
; Extract Verilog State Machines                                 ; On               ; On            ;
; Extract VHDL State Machines                                    ; On               ; On            ;
; Ignore Verilog initial constructs                              ; Off              ; Off           ;
; Iteration limit for constant Verilog loops                     ; 5000             ; 5000          ;
; Iteration limit for non-constant Verilog loops                 ; 250              ; 250           ;
; Add Pass-Through Logic to Inferred RAMs                        ; On               ; On            ;
; Parallel Synthesis                                             ; Off              ; Off           ;
; NOT Gate Push-Back                                             ; On               ; On            ;
; Power-Up Don't Care                                            ; On               ; On            ;
; Remove Duplicate Registers                                     ; On               ; On            ;
; Ignore CARRY Buffers                                           ; Off              ; Off           ;
; Ignore CASCADE Buffers                                         ; Off              ; Off           ;
; Ignore GLOBAL Buffers                                          ; Off              ; Off           ;
; Ignore ROW GLOBAL Buffers                                      ; Off              ; Off           ;
; Ignore LCELL Buffers                                           ; Auto             ; Auto          ;
; Ignore SOFT Buffers                                            ; Off              ; Off           ;
; Limit AHDL Integers to 32 Bits                                 ; Off              ; Off           ;
; Optimization Technique                                         ; Speed            ; Speed         ;
; Allow XOR Gate Usage                                           ; On               ; On            ;
; Auto Logic Cell Insertion                                      ; On               ; On            ;
; Parallel Expander Chain Length                                 ; 4                ; 4             ;
; Auto Parallel Expanders                                        ; On               ; On            ;
; Auto Resource Sharing                                          ; Off              ; Off           ;
; Maximum Fan-in Per Macrocell                                   ; 100              ; 100           ;
; Use LogicLock Constraints during Resource Balancing            ; On               ; On            ;
; Ignore translate_off and synthesis_off directives              ; Off              ; Off           ;
; Show Parameter Settings Tables in Synthesis Report             ; On               ; On            ;
; HDL message level                                              ; Level2           ; Level2        ;
; Suppress Register Optimization Related Messages                ; Off              ; Off           ;
; Number of Removed Registers Reported in Synthesis Report       ; 100              ; 100           ;
; Number of Inverted Registers Reported in Synthesis Report      ; 100              ; 100           ;
; Block Design Naming                                            ; Auto             ; Auto          ;
; Synthesis Effort                                               ; Auto             ; Auto          ;
; Allows Asynchronous Clear Usage For Shift Register Replacement ; On               ; On            ;
; Analysis & Synthesis Message Level                             ; Medium           ; Medium        ;
+----------------------------------------------------------------+------------------+---------------+


+-------------------------------------------------------------------------------------------------------------------------------------------------+
; Analysis & Synthesis Source Files Read                                                                                                          ;
+----------------------------------+-----------------+-----------------+--------------------------------------------------------------------------+
; File Name with User-Entered Path ; Used in Netlist ; File Type       ; File Name with Absolute Path                                             ;
+----------------------------------+-----------------+-----------------+--------------------------------------------------------------------------+
; iis.vhd                          ; yes             ; User VHDL File  ; Y:/À¬»ø¶Ñ/¹¤³Ì/FPGA/TDA1543_XLR_vhdl/iis.vhd                             ;
; lpm_counter.tdf                  ; yes             ; Megafunction    ; d:/eda/altera/81/quartus/libraries/megafunctions/lpm_counter.tdf         ;
; lpm_constant.inc                 ; yes             ; Megafunction    ; d:/eda/altera/81/quartus/libraries/megafunctions/lpm_constant.inc        ;
; lpm_decode.inc                   ; yes             ; Megafunction    ; d:/eda/altera/81/quartus/libraries/megafunctions/lpm_decode.inc          ;
; lpm_add_sub.inc                  ; yes             ; Megafunction    ; d:/eda/altera/81/quartus/libraries/megafunctions/lpm_add_sub.inc         ;
; cmpconst.inc                     ; yes             ; Megafunction    ; d:/eda/altera/81/quartus/libraries/megafunctions/cmpconst.inc            ;
; lpm_compare.inc                  ; yes             ; Megafunction    ; d:/eda/altera/81/quartus/libraries/megafunctions/lpm_compare.inc         ;
; lpm_counter.inc                  ; yes             ; Megafunction    ; d:/eda/altera/81/quartus/libraries/megafunctions/lpm_counter.inc         ;
; dffeea.inc                       ; yes             ; Megafunction    ; d:/eda/altera/81/quartus/libraries/megafunctions/dffeea.inc              ;
; alt_synch_counter.inc            ; yes             ; Megafunction    ; d:/eda/altera/81/quartus/libraries/megafunctions/alt_synch_counter.inc   ;
; alt_synch_counter_f.inc          ; yes             ; Megafunction    ; d:/eda/altera/81/quartus/libraries/megafunctions/alt_synch_counter_f.inc ;
; alt_counter_f10ke.inc            ; yes             ; Megafunction    ; d:/eda/altera/81/quartus/libraries/megafunctions/alt_counter_f10ke.inc   ;
; alt_counter_stratix.inc          ; yes             ; Megafunction    ; d:/eda/altera/81/quartus/libraries/megafunctions/alt_counter_stratix.inc ;
; aglobal81.inc                    ; yes             ; Megafunction    ; d:/eda/altera/81/quartus/libraries/megafunctions/aglobal81.inc           ;
+----------------------------------+-----------------+-----------------+--------------------------------------------------------------------------+


+---------------------------------------------+
; Analysis & Synthesis Resource Usage Summary ;
+----------------------+----------------------+
; Resource             ; Usage                ;
+----------------------+----------------------+
; Logic cells          ; 70                   ;
; Total registers      ; 56                   ;
; I/O pins             ; 5                    ;
; Parallel expanders   ; 8                    ;
; Maximum fan-out node ; old_lrck             ;
; Maximum fan-out      ; 68                   ;
; Total fan-out        ; 597                  ;
; Average fan-out      ; 7.96                 ;
+----------------------+----------------------+


+------------------------------------------------------------------------------------------------------+
; Analysis & Synthesis Resource Utilization by Entity                                                  ;
+---------------------------------+------------+------+---------------------------------+--------------+
; Compilation Hierarchy Node      ; Macrocells ; Pins ; Full Hierarchy Name             ; Library Name ;
+---------------------------------+------------+------+---------------------------------+--------------+
; |iis                            ; 70         ; 5    ; |iis                            ; work         ;
;    |lpm_counter:counttmp_rtl_0| ; 5          ; 0    ; |iis|lpm_counter:counttmp_rtl_0 ; work         ;
+---------------------------------+------------+------+---------------------------------+--------------+


+---------------------------------------------------+
; Source assignments for lpm_counter:counttmp_rtl_0 ;
+---------------------------+-------+------+--------+
; Assignment                ; Value ; From ; To     ;
+---------------------------+-------+------+--------+
; SUPPRESS_DA_RULE_INTERNAL ; a101  ; -    ; -      ;
; SUPPRESS_DA_RULE_INTERNAL ; s102  ; -    ; -      ;
; SUPPRESS_DA_RULE_INTERNAL ; s103  ; -    ; -      ;
+---------------------------+-------+------+--------+


+-----------------------------------------------------------------------------+
; Parameter Settings for Inferred Entity Instance: lpm_counter:counttmp_rtl_0 ;
+------------------------+-------------------+--------------------------------+
; Parameter Name         ; Value             ; Type                           ;
+------------------------+-------------------+--------------------------------+
; AUTO_CARRY_CHAINS      ; ON                ; AUTO_CARRY                     ;
; IGNORE_CARRY_BUFFERS   ; OFF               ; IGNORE_CARRY                   ;
; AUTO_CASCADE_CHAINS    ; ON                ; AUTO_CASCADE                   ;
; IGNORE_CASCADE_BUFFERS ; OFF               ; IGNORE_CASCADE                 ;
; LPM_WIDTH              ; 5                 ; Untyped                        ;
; LPM_DIRECTION          ; UP                ; Untyped                        ;
; LPM_MODULUS            ; 0                 ; Untyped                        ;
; LPM_AVALUE             ; UNUSED            ; Untyped                        ;
; LPM_SVALUE             ; UNUSED            ; Untyped                        ;
; LPM_PORT_UPDOWN        ; PORT_CONNECTIVITY ; Untyped                        ;
; DEVICE_FAMILY          ; MAX3000A          ; Untyped                        ;
; CARRY_CHAIN            ; MANUAL            ; Untyped                        ;
; CARRY_CHAIN_LENGTH     ; 48                ; CARRY_CHAIN_LENGTH             ;
; NOT_GATE_PUSH_BACK     ; ON                ; NOT_GATE_PUSH_BACK             ;
; CARRY_CNT_EN           ; SMART             ; Untyped                        ;
; LABWIDE_SCLR           ; ON                ; Untyped                        ;
; USE_NEW_VERSION        ; TRUE              ; Untyped                        ;
; CBXI_PARAMETER         ; NOTHING           ; Untyped                        ;
+------------------------+-------------------+--------------------------------+
Note: In order to hide this table in the UI and the text report file, please set the "Show Parameter Settings Tables in Synthesis Report" option in "Analysis and Synthesis Settings -> More Settings" to "Off".


+-------------------------------+
; Analysis & Synthesis Messages ;
+-------------------------------+
Info: *******************************************************************
Info: Running Quartus II Analysis & Synthesis
    Info: Version 8.1 Build 163 10/28/2008 SJ Full Version
    Info: Processing started: Thu Feb 06 08:25:30 2020
Info: Command: quartus_map --read_settings_files=on --write_settings_files=off iis -c iis
Info: Found 2 design units, including 1 entities, in source file iis.vhd
    Info: Found design unit 1: iis-behv
    Info: Found entity 1: iis
Info: Elaborating entity "iis" for the top level hierarchy
Info: Inferred 1 megafunctions from design logic
    Info: Inferred lpm_counter megafunction (LPM_WIDTH=5) from the following logic: "counttmp[0]~5"
Info: Elaborated megafunction instantiation "lpm_counter:counttmp_rtl_0"
Info: Instantiated megafunction "lpm_counter:counttmp_rtl_0" with the following parameter:
    Info: Parameter "LPM_WIDTH" = "5"
    Info: Parameter "LPM_DIRECTION" = "UP"
    Info: Parameter "LPM_TYPE" = "LPM_COUNTER"
Info: Promoted pin-driven signal(s) to global signal
    Info: Promoted clock signal driven by pin "bck" to global clock signal
Info: Implemented 75 device resources after synthesis - the final resource count might be different
    Info: Implemented 3 input pins
    Info: Implemented 2 output pins
    Info: Implemented 70 macrocells
Info: Quartus II Analysis & Synthesis was successful. 0 errors, 0 warnings
    Info: Peak virtual memory: 244 megabytes
    Info: Processing ended: Thu Feb 06 08:25:31 2020
    Info: Elapsed time: 00:00:01
    Info: Total CPU time (on all processors): 00:00:01


