Flow report for iis
Thu Feb 06 08:25:33 2020
Quartus II Version 8.1 Build 163 10/28/2008 SJ Full Version


---------------------
; Table of Contents ;
---------------------
  1. Legal Notice
  2. Flow Summary
  3. Flow Settings
  4. Flow Non-Default Global Settings
  5. Flow Elapsed Time
  6. Flow OS Summary
  7. Flow Log



----------------
; Legal Notice ;
----------------
Copyright (C) 1991-2008 Altera Corporation
Your use of Altera Corporation's design tools, logic functions 
and other software and tools, and its AMPP partner logic 
functions, and any output files from any of the foregoing 
(including device programming or simulation files), and any 
associated documentation or information are expressly subject 
to the terms and conditions of the Altera Program License 
Subscription Agreement, Altera MegaCore Function License 
Agreement, or other applicable license agreement, including, 
without limitation, that your use is for the sole purpose of 
programming logic devices manufactured by Altera and sold by 
Altera or its authorized distributors.  Please refer to the 
applicable agreement for further details.



+--------------------------------------------------------------------+
; Flow Summary                                                       ;
+-------------------------+------------------------------------------+
; Flow Status             ; Successful - Thu Feb 06 08:25:33 2020    ;
; Quartus II Version      ; 8.1 Build 163 10/28/2008 SJ Full Version ;
; Revision Name           ; iis                                      ;
; Top-level Entity Name   ; iis                                      ;
; Family                  ; MAX3000A                                 ;
; Device                  ; EPM3128ATC100-10                         ;
; Timing Models           ; Final                                    ;
; Met timing requirements ; Yes                                      ;
; Total macrocells        ; 70 / 128 ( 55 % )                        ;
; Total pins              ; 9 / 80 ( 11 % )                          ;
+-------------------------+------------------------------------------+


+-----------------------------------------+
; Flow Settings                           ;
+-------------------+---------------------+
; Option            ; Setting             ;
+-------------------+---------------------+
; Start date & time ; 02/06/2020 08:25:30 ;
; Main task         ; Compilation         ;
; Revision Name     ; iis                 ;
+-------------------+---------------------+


+----------------------------------------------------------------------------------------------------------------------------------------------------+
; Flow Non-Default Global Settings                                                                                                                   ;
+------------------------------------+-------------------------------------------------+------------------------------+-------------+----------------+
; Assignment Name                    ; Value                                           ; Default Value                ; Entity Name ; Section Id     ;
+------------------------------------+-------------------------------------------------+------------------------------+-------------+----------------+
; AUTO_OPEN_DRAIN_PINS               ; Off                                             ; On                           ; --          ; --             ;
; COMPILER_SIGNATURE_ID              ; 207120312909265.158094873002556                 ; --                           ; --          ; --             ;
; FITTER_EFFORT                      ; Standard Fit                                    ; Auto Fit                     ; --          ; --             ;
; INCREMENTAL_COMPILATION            ; Off                                             ; FULL_INCREMENTAL_COMPILATION ; --          ; --             ;
; MISC_FILE                          ; E:/altera/我的工程/iisvhdl/iis.dpf              ; --                           ; --          ; --             ;
; MISC_FILE                          ; E:/altera/我的工程/TDA1543_XLR_vhdl/iis.dpf     ; --                           ; --          ; --             ;
; MISC_FILE                          ; D:/EDA/altera/我的工程/TDA1543_XLR_vhdl/iis.dpf ; --                           ; --          ; --             ;
; MISC_FILE                          ; Y:/垃圾堆/工程/FPGA/TDA1543_XLR_vhdl/iis.dpf    ; --                           ; --          ; --             ;
; OPTIMIZE_HOLD_TIMING               ; Off                                             ; --                           ; --          ; --             ;
; PARTITION_COLOR                    ; 16764057                                        ; --                           ; --          ; Top            ;
; PARTITION_NETLIST_TYPE             ; SOURCE                                          ; --                           ; --          ; Top            ;
; USE_GENERATED_PHYSICAL_CONSTRAINTS ; Off                                             ; --                           ; --          ; eda_blast_fpga ;
+------------------------------------+-------------------------------------------------+------------------------------+-------------+----------------+


+-----------------------------------------------------------------------------------------------------------------------------+
; Flow Elapsed Time                                                                                                           ;
+-------------------------+--------------+-------------------------+---------------------+------------------------------------+
; Module Name             ; Elapsed Time ; Average Processors Used ; Peak Virtual Memory ; Total CPU Time (on all processors) ;
+-------------------------+--------------+-------------------------+---------------------+------------------------------------+
; Analysis & Synthesis    ; 00:00:01     ; 1.0                     ; 244 MB              ; 00:00:01                           ;
; Fitter                  ; 00:00:00     ; 1.0                     ; 204 MB              ; 00:00:00                           ;
; Assembler               ; 00:00:00     ; 1.0                     ; 204 MB              ; 00:00:00                           ;
; Classic Timing Analyzer ; 00:00:00     ; 1.0                     ; 175 MB              ; 00:00:00                           ;
; Total                   ; 00:00:01     ; --                      ; --                  ; 00:00:01                           ;
+-------------------------+--------------+-------------------------+---------------------+------------------------------------+


+------------------------------------------------------------------------------------------+
; Flow OS Summary                                                                          ;
+-------------------------+------------------+---------------+------------+----------------+
; Module Name             ; Machine Hostname ; OS Name       ; OS Version ; Processor type ;
+-------------------------+------------------+---------------+------------+----------------+
; Analysis & Synthesis    ; RAMWIN8.1        ; Windows Vista ; 6.2        ; x86_64         ;
; Fitter                  ; RAMWIN8.1        ; Windows Vista ; 6.2        ; x86_64         ;
; Assembler               ; RAMWIN8.1        ; Windows Vista ; 6.2        ; x86_64         ;
; Classic Timing Analyzer ; RAMWIN8.1        ; Windows Vista ; 6.2        ; x86_64         ;
+-------------------------+------------------+---------------+------------+----------------+


------------
; Flow Log ;
------------
quartus_map --read_settings_files=on --write_settings_files=off iis -c iis
quartus_fit --read_settings_files=off --write_settings_files=off iis -c iis
quartus_asm --read_settings_files=off --write_settings_files=off iis -c iis
quartus_tan --read_settings_files=off --write_settings_files=off iis -c iis



